121115 14:28:23 [Note] D:\phpnow\MySQL-5.0.90\bin\mysqld-nt.exe: ready for connections.
Version: '5.0.90-community-nt'  socket: ''  port: 3306  MySQL Community Edition (GPL)
InnoDB: The first specified data file .\ibdata1 did not exist:
InnoDB: a new database to be created!
121115 14:57:56  InnoDB: Setting file .\ibdata1 size to 10 MB
InnoDB: Database physically writes the file full: wait...
121115 14:57:57  InnoDB: Log file .\ib_logfile0 did not exist: new to be created
InnoDB: Setting log file .\ib_logfile0 size to 5 MB
InnoDB: Database physically writes the file full: wait...
121115 14:57:57  InnoDB: Log file .\ib_logfile1 did not exist: new to be created
InnoDB: Setting log file .\ib_logfile1 size to 5 MB
InnoDB: Database physically writes the file full: wait...
InnoDB: Doublewrite buffer not found: creating new
InnoDB: Doublewrite buffer created
InnoDB: Creating foreign key constraint system tables
InnoDB: Foreign key constraint system tables created
121115 14:57:57  InnoDB: Started; log sequence number 0 0
121115 14:57:57 [Note] D:\phpnow\MySQL-5.0.90\bin\mysqld-nt.exe: ready for connections.
Version: '5.0.90-community-nt'  socket: ''  port: 3306  MySQL Community Edition (GPL)
121115 21:37:53 [Note] D:\phpnow\MySQL-5.0.90\bin\mysqld-nt.exe: Normal shutdown

121115 21:37:55  InnoDB: Starting shutdown...
121115 21:37:59  InnoDB: Shutdown completed; log sequence number 0 60791
121115 21:37:59 [Note] D:\phpnow\MySQL-5.0.90\bin\mysqld-nt.exe: Shutdown complete

121116  9:45:29  InnoDB: Started; log sequence number 0 60791
121116  9:45:30 [Note] D:\phpnow\MySQL-5.0.90\bin\mysqld-nt.exe: ready for connections.
Version: '5.0.90-community-nt'  socket: ''  port: 3306  MySQL Community Edition (GPL)
121116 18:08:49 [Note] D:\phpnow\MySQL-5.0.90\bin\mysqld-nt.exe: Normal shutdown

121116 18:08:52 [Warning] D:\phpnow\MySQL-5.0.90\bin\mysqld-nt.exe: Forcing close of thread 17  user: 'root'

121116 18:08:52  InnoDB: Starting shutdown...
121116 18:08:53  InnoDB: Shutdown completed; log sequence number 0 60801
121116 18:08:54 [Note] D:\phpnow\MySQL-5.0.90\bin\mysqld-nt.exe: Shutdown complete

121119  9:12:23  InnoDB: Started; log sequence number 0 60801
121119  9:12:23 [Note] D:\phpnow\MySQL-5.0.90\bin\mysqld-nt.exe: ready for connections.
Version: '5.0.90-community-nt'  socket: ''  port: 3306  MySQL Community Edition (GPL)
121119 20:48:54 [Note] D:\phpnow\MySQL-5.0.90\bin\mysqld-nt.exe: Normal shutdown

121119 20:48:55  InnoDB: Starting shutdown...
121119 20:49:05  InnoDB: Shutdown completed; log sequence number 0 8400795
121119 20:49:06 [Note] D:\phpnow\MySQL-5.0.90\bin\mysqld-nt.exe: Shutdown complete

121120  7:48:51  InnoDB: Started; log sequence number 0 8400795
121120  7:48:52 [Note] D:\phpnow\MySQL-5.0.90\bin\mysqld-nt.exe: ready for connections.
Version: '5.0.90-community-nt'  socket: ''  port: 3306  MySQL Community Edition (GPL)
121120 21:56:37 [Note] D:\phpnow\MySQL-5.0.90\bin\mysqld-nt.exe: Normal shutdown

121120 21:56:40  InnoDB: Starting shutdown...
121120 21:57:20  InnoDB: Shutdown completed; log sequence number 0 8413560
121120 21:57:21 [Note] D:\phpnow\MySQL-5.0.90\bin\mysqld-nt.exe: Shutdown complete

121121  9:17:53  InnoDB: Started; log sequence number 0 8413560
121121  9:17:53 [Note] D:\phpnow\MySQL-5.0.90\bin\mysqld-nt.exe: ready for connections.
Version: '5.0.90-community-nt'  socket: ''  port: 3306  MySQL Community Edition (GPL)
121121 21:45:11 [Note] D:\phpnow\MySQL-5.0.90\bin\mysqld-nt.exe: Normal shutdown

121121 21:45:13  InnoDB: Starting shutdown...
121121 21:45:18  InnoDB: Shutdown completed; log sequence number 0 14140341
121121 21:45:18 [Note] D:\phpnow\MySQL-5.0.90\bin\mysqld-nt.exe: Shutdown complete

121122  9:46:19  InnoDB: Started; log sequence number 0 14140341
121122  9:46:19 [Note] D:\phpnow\MySQL-5.0.90\bin\mysqld-nt.exe: ready for connections.
Version: '5.0.90-community-nt'  socket: ''  port: 3306  MySQL Community Edition (GPL)
121122 21:10:01 [Note] D:\phpnow\MySQL-5.0.90\bin\mysqld-nt.exe: Normal shutdown

121122 21:10:03  InnoDB: Starting shutdown...
121122 21:10:59  InnoDB: Shutdown completed; log sequence number 0 19157855
121122 21:10:59 [Note] D:\phpnow\MySQL-5.0.90\bin\mysqld-nt.exe: Shutdown complete

121123  9:34:48  InnoDB: Started; log sequence number 0 19157855
121123  9:34:49 [Note] D:\phpnow\MySQL-5.0.90\bin\mysqld-nt.exe: ready for connections.
Version: '5.0.90-community-nt'  socket: ''  port: 3306  MySQL Community Edition (GPL)
121123 18:18:37 [Note] D:\phpnow\MySQL-5.0.90\bin\mysqld-nt.exe: Normal shutdown

121123 18:18:39  InnoDB: Starting shutdown...
121123 18:18:41  InnoDB: Shutdown completed; log sequence number 0 30841719
121123 18:18:41 [Note] D:\phpnow\MySQL-5.0.90\bin\mysqld-nt.exe: Shutdown complete

121123 18:20:02  InnoDB: Started; log sequence number 0 30841719
121123 18:20:02 [Note] D:\phpnow\MySQL-5.0.90\bin\mysqld-nt.exe: ready for connections.
Version: '5.0.90-community-nt'  socket: ''  port: 3306  MySQL Community Edition (GPL)
121123 18:21:04 [Note] D:\phpnow\MySQL-5.0.90\bin\mysqld-nt.exe: Normal shutdown

121123 18:21:04  InnoDB: Starting shutdown...
121123 18:21:05  InnoDB: Shutdown completed; log sequence number 0 30841719
121123 18:21:05 [Note] D:\phpnow\MySQL-5.0.90\bin\mysqld-nt.exe: Shutdown complete

121126  9:14:36  InnoDB: Started; log sequence number 0 30841719
121126  9:14:36 [Note] D:\phpnow\MySQL-5.0.90\bin\mysqld-nt.exe: ready for connections.
Version: '5.0.90-community-nt'  socket: ''  port: 3306  MySQL Community Edition (GPL)
121126 20:33:31 [Note] D:\phpnow\MySQL-5.0.90\bin\mysqld-nt.exe: Normal shutdown

121126 20:33:32  InnoDB: Starting shutdown...
121126 20:33:38  InnoDB: Shutdown completed; log sequence number 0 30916950
121126 20:33:38 [Note] D:\phpnow\MySQL-5.0.90\bin\mysqld-nt.exe: Shutdown complete

121127  9:20:18  InnoDB: Started; log sequence number 0 30916950
121127  9:20:19 [Note] D:\phpnow\MySQL-5.0.90\bin\mysqld-nt.exe: ready for connections.
Version: '5.0.90-community-nt'  socket: ''  port: 3306  MySQL Community Edition (GPL)
InnoDB: The log sequence number in ibdata files does not match
InnoDB: the log sequence number in the ib_logfiles!
121127 21:00:55  InnoDB: Database was not shut down normally!
InnoDB: Starting crash recovery.
InnoDB: Reading tablespace information from the .ibd files...
InnoDB: Restoring possible half-written data pages from the doublewrite
InnoDB: buffer...
121127 21:00:56  InnoDB: Started; log sequence number 0 38038067
121127 21:00:56 [Note] D:\phpnow\MySQL-5.0.90\bin\mysqld-nt.exe: ready for connections.
Version: '5.0.90-community-nt'  socket: ''  port: 3306  MySQL Community Edition (GPL)
InnoDB: The log sequence number in ibdata files does not match
InnoDB: the log sequence number in the ib_logfiles!
121127 21:04:13  InnoDB: Database was not shut down normally!
InnoDB: Starting crash recovery.
InnoDB: Reading tablespace information from the .ibd files...
InnoDB: Restoring possible half-written data pages from the doublewrite
InnoDB: buffer...
121127 21:04:14  InnoDB: Started; log sequence number 0 38038067
121127 21:04:14 [Note] D:\phpnow\MySQL-5.0.90\bin\mysqld-nt.exe: ready for connections.
Version: '5.0.90-community-nt'  socket: ''  port: 3306  MySQL Community Edition (GPL)
121127 21:08:31 [Note] D:\phpnow\MySQL-5.0.90\bin\mysqld-nt.exe: Normal shutdown

121127 21:08:31  InnoDB: Starting shutdown...
121127 21:08:32  InnoDB: Shutdown completed; log sequence number 0 38038067
121127 21:08:32 [Note] D:\phpnow\MySQL-5.0.90\bin\mysqld-nt.exe: Shutdown complete

121128  8:13:02  InnoDB: Started; log sequence number 0 38038067
121128  8:13:02 [Note] D:\phpnow\MySQL-5.0.90\bin\mysqld-nt.exe: ready for connections.
Version: '5.0.90-community-nt'  socket: ''  port: 3306  MySQL Community Edition (GPL)
121128 18:18:16 [Note] D:\phpnow\MySQL-5.0.90\bin\mysqld-nt.exe: Normal shutdown

121128 18:18:16  InnoDB: Starting shutdown...
121128 18:18:18  InnoDB: Shutdown completed; log sequence number 0 44083786
121128 18:18:18 [Note] D:\phpnow\MySQL-5.0.90\bin\mysqld-nt.exe: Shutdown complete

121129  9:25:53  InnoDB: Started; log sequence number 0 44083786
121129  9:25:54 [Note] D:\phpnow\MySQL-5.0.90\bin\mysqld-nt.exe: ready for connections.
Version: '5.0.90-community-nt'  socket: ''  port: 3306  MySQL Community Edition (GPL)
121129 21:19:12 [Note] D:\phpnow\MySQL-5.0.90\bin\mysqld-nt.exe: Normal shutdown

121129 21:19:13  InnoDB: Starting shutdown...
121129 21:19:16  InnoDB: Shutdown completed; log sequence number 0 44721658
121129 21:19:16 [Note] D:\phpnow\MySQL-5.0.90\bin\mysqld-nt.exe: Shutdown complete

121130  8:54:04  InnoDB: Started; log sequence number 0 44721658
121130  8:54:04 [Note] D:\phpnow\MySQL-5.0.90\bin\mysqld-nt.exe: ready for connections.
Version: '5.0.90-community-nt'  socket: ''  port: 3306  MySQL Community Edition (GPL)
121130 20:56:58 [Note] D:\phpnow\MySQL-5.0.90\bin\mysqld-nt.exe: Normal shutdown

121130 20:57:00  InnoDB: Starting shutdown...
121130 20:57:03  InnoDB: Shutdown completed; log sequence number 0 57366876
121130 20:57:03 [Note] D:\phpnow\MySQL-5.0.90\bin\mysqld-nt.exe: Shutdown complete

121201  9:06:49  InnoDB: Started; log sequence number 0 57366876
121201  9:06:49 [Note] D:\phpnow\MySQL-5.0.90\bin\mysqld-nt.exe: ready for connections.
Version: '5.0.90-community-nt'  socket: ''  port: 3306  MySQL Community Edition (GPL)
121201 18:54:48 [Note] D:\phpnow\MySQL-5.0.90\bin\mysqld-nt.exe: Normal shutdown

121201 18:54:48  InnoDB: Starting shutdown...
121201 18:54:50  InnoDB: Shutdown completed; log sequence number 0 59440764
121201 18:54:50 [Note] D:\phpnow\MySQL-5.0.90\bin\mysqld-nt.exe: Shutdown complete

121203  8:54:41  InnoDB: Started; log sequence number 0 59440764
121203  8:54:42 [Note] D:\phpnow\MySQL-5.0.90\bin\mysqld-nt.exe: ready for connections.
Version: '5.0.90-community-nt'  socket: ''  port: 3306  MySQL Community Edition (GPL)
121203 21:37:24 [Note] D:\phpnow\MySQL-5.0.90\bin\mysqld-nt.exe: Normal shutdown

121203 21:37:24  InnoDB: Starting shutdown...
121203 21:37:26  InnoDB: Shutdown completed; log sequence number 0 77583920
121203 21:37:26 [Note] D:\phpnow\MySQL-5.0.90\bin\mysqld-nt.exe: Shutdown complete

121204  9:17:39  InnoDB: Started; log sequence number 0 77583920
121204  9:17:39 [Note] D:\phpnow\MySQL-5.0.90\bin\mysqld-nt.exe: ready for connections.
Version: '5.0.90-community-nt'  socket: ''  port: 3306  MySQL Community Edition (GPL)
121204 17:42:25 [Note] D:\phpnow\MySQL-5.0.90\bin\mysqld-nt.exe: Normal shutdown

121204 17:42:25  InnoDB: Starting shutdown...
121204 17:42:26  InnoDB: Shutdown completed; log sequence number 0 77597580
121204 17:42:26 [Note] D:\phpnow\MySQL-5.0.90\bin\mysqld-nt.exe: Shutdown complete

121204 17:43:00  InnoDB: Started; log sequence number 0 77597580
121204 17:43:00 [Note] D:\phpnow\MySQL-5.0.90\bin\mysqld-nt.exe: ready for connections.
Version: '5.0.90-community-nt'  socket: ''  port: 3306  MySQL Community Edition (GPL)
121204 17:47:06 [Note] D:\phpnow\MySQL-5.0.90\bin\mysqld-nt.exe: Normal shutdown

121204 17:47:06  InnoDB: Starting shutdown...
121204 17:47:06  InnoDB: Shutdown completed; log sequence number 0 77597580
121204 17:47:06 [Note] D:\phpnow\MySQL-5.0.90\bin\mysqld-nt.exe: Shutdown complete

121204 17:47:09  InnoDB: Started; log sequence number 0 77597580
121204 17:47:09 [Note] D:\phpnow\MySQL-5.0.90\bin\mysqld-nt.exe: ready for connections.
Version: '5.0.90-community-nt'  socket: ''  port: 3306  MySQL Community Edition (GPL)
121204 17:47:13 [Note] D:\phpnow\MySQL-5.0.90\bin\mysqld-nt.exe: Normal shutdown

121204 17:47:13  InnoDB: Starting shutdown...
121204 17:47:14  InnoDB: Shutdown completed; log sequence number 0 77597580
121204 17:47:14 [Note] D:\phpnow\MySQL-5.0.90\bin\mysqld-nt.exe: Shutdown complete

121204 19:23:54  InnoDB: Started; log sequence number 0 77597580
121204 19:23:54 [Note] D:\mysql\mysql5.0.90_hz\bin\mysqld-nt.exe: ready for connections.
Version: '5.0.90-community-nt'  socket: ''  port: 3306  MySQL Community Edition (GPL)
121204 19:24:05 [Note] D:\mysql\mysql5.0.90_hz\bin\mysqld-nt.exe: Normal shutdown

121204 19:24:05  InnoDB: Starting shutdown...
121204 19:24:07  InnoDB: Shutdown completed; log sequence number 0 77597580
121204 19:24:07 [Note] D:\mysql\mysql5.0.90_hz\bin\mysqld-nt.exe: Shutdown complete

121204 19:24:22  InnoDB: Started; log sequence number 0 77597580
121204 19:24:22 [Note] D:\mysql\mysql5.0.90_hz\bin\mysqld-nt.exe: ready for connections.
Version: '5.0.90-community-nt'  socket: ''  port: 3306  MySQL Community Edition (GPL)
121204 19:24:26 [Note] D:\mysql\mysql5.0.90_hz\bin\mysqld-nt.exe: Normal shutdown

121204 19:24:26  InnoDB: Starting shutdown...
121204 19:24:26  InnoDB: Shutdown completed; log sequence number 0 77597580
121204 19:24:26 [Note] D:\mysql\mysql5.0.90_hz\bin\mysqld-nt.exe: Shutdown complete

121204 19:24:46  InnoDB: Started; log sequence number 0 77597580
121204 19:24:46 [Note] D:\mysql\mysql5.0.90_hz\bin\mysqld-nt.exe: ready for connections.
Version: '5.0.90-community-nt'  socket: ''  port: 3306  MySQL Community Edition (GPL)
121204 19:24:49 [Note] D:\mysql\mysql5.0.90_hz\bin\mysqld-nt.exe: Normal shutdown

121204 19:24:49  InnoDB: Starting shutdown...
121204 19:24:50  InnoDB: Shutdown completed; log sequence number 0 77597580
121204 19:24:50 [Note] D:\mysql\mysql5.0.90_hz\bin\mysqld-nt.exe: Shutdown complete

121204 19:25:09  InnoDB: Started; log sequence number 0 77597580
121204 19:25:09 [Note] D:\mysql\mysql5.0.90_hz\bin\mysqld-nt.exe: ready for connections.
Version: '5.0.90-community-nt'  socket: ''  port: 3306  MySQL Community Edition (GPL)
121204 19:29:39 [Note] D:\mysql\mysql5.0.90_hz\bin\mysqld-nt.exe: Normal shutdown

121204 19:29:39  InnoDB: Starting shutdown...
121204 19:29:40  InnoDB: Shutdown completed; log sequence number 0 77597580
121204 19:29:40 [Note] D:\mysql\mysql5.0.90_hz\bin\mysqld-nt.exe: Shutdown complete

121204 19:29:50  InnoDB: Started; log sequence number 0 77597580
121204 19:29:50 [Note] D:\mysql\mysql5.0.90_hz\bin\mysqld-nt.exe: ready for connections.
Version: '5.0.90-community-nt'  socket: ''  port: 3306  MySQL Community Edition (GPL)
121204 19:30:11 [Note] D:\mysql\mysql5.0.90_hz\bin\mysqld-nt.exe: Normal shutdown

121204 19:30:11  InnoDB: Starting shutdown...
121204 19:30:12  InnoDB: Shutdown completed; log sequence number 0 77597580
121204 19:30:12 [Note] D:\mysql\mysql5.0.90_hz\bin\mysqld-nt.exe: Shutdown complete

121204 19:31:01  InnoDB: Started; log sequence number 0 77597580
121204 19:31:01 [Note] D:\mysql\mysql5.0.90_hz\bin\mysqld-nt.exe: ready for connections.
Version: '5.0.90-community-nt'  socket: ''  port: 3306  MySQL Community Edition (GPL)
121204 19:34:46 [Note] D:\mysql\mysql5.0.90_hz\bin\mysqld-nt.exe: Normal shutdown

121204 19:34:46  InnoDB: Starting shutdown...
121204 19:34:47  InnoDB: Shutdown completed; log sequence number 0 77597580
121204 19:34:47 [Note] D:\mysql\mysql5.0.90_hz\bin\mysqld-nt.exe: Shutdown complete

